Using pre-set license
Built from '2021.3/staging' branch; Version is '2021.3.13f1 (9e7d58001ecf) revision 10386776'; Using compiler version '192829333'; Build Type 'Release'
OS: 'Windows 11  (10.0.22621) 64bit Core' Language: 'en' Physical Memory: 16067 MB
BatchMode: 1, IsHumanControllingUs: 0, StartBugReporterOnCrash: 0, Is64bit: 1, IsPro: 1

COMMAND LINE ARGUMENTS:
C:\Program Files\Unity\Hub\Editor\2021.3.13f1\Editor\Unity.exe
-adb2
-batchMode
-noUpm
-name
AssetImportWorker0
-projectPath
C:/School/Stage/Game/PIT-Internship/Internship-Game
-logFile
Logs/AssetImportWorker0.log
-srvPort
57423
Successfully changed project path to: C:/School/Stage/Game/PIT-Internship/Internship-Game
C:/School/Stage/Game/PIT-Internship/Internship-Game
[UnityMemory] Configuration Parameters - Can be set up in boot.config
    "memorysetup-bucket-allocator-granularity=16"
    "memorysetup-bucket-allocator-bucket-count=8"
    "memorysetup-bucket-allocator-block-size=33554432"
    "memorysetup-bucket-allocator-block-count=8"
    "memorysetup-main-allocator-block-size=16777216"
    "memorysetup-thread-allocator-block-size=16777216"
    "memorysetup-gfx-main-allocator-block-size=16777216"
    "memorysetup-gfx-thread-allocator-block-size=16777216"
    "memorysetup-cache-allocator-block-size=4194304"
    "memorysetup-typetree-allocator-block-size=2097152"
    "memorysetup-profiler-bucket-allocator-granularity=16"
    "memorysetup-profiler-bucket-allocator-bucket-count=8"
    "memorysetup-profiler-bucket-allocator-block-size=33554432"
    "memorysetup-profiler-bucket-allocator-block-count=8"
    "memorysetup-profiler-allocator-block-size=16777216"
    "memorysetup-profiler-editor-allocator-block-size=1048576"
    "memorysetup-temp-allocator-size-main=16777216"
    "memorysetup-job-temp-allocator-block-size=2097152"
    "memorysetup-job-temp-allocator-block-size-background=1048576"
    "memorysetup-job-temp-allocator-reduction-small-platforms=262144"
    "memorysetup-temp-allocator-size-background-worker=32768"
    "memorysetup-temp-allocator-size-job-worker=262144"
    "memorysetup-temp-allocator-size-preload-manager=33554432"
    "memorysetup-temp-allocator-size-nav-mesh-worker=65536"
    "memorysetup-temp-allocator-size-audio-worker=65536"
    "memorysetup-temp-allocator-size-cloud-worker=32768"
    "memorysetup-temp-allocator-size-gi-baking-worker=262144"
    "memorysetup-temp-allocator-size-gfx=262144"
Refreshing native plugins compatible for Editor in 183.38 ms, found 14 plugins.
Preloading 1 native plugins for Editor in 0.68 ms.
Initialize engine version: 2021.3.13f1 (9e7d58001ecf)
[Subsystems] Discovering subsystems at path C:/Program Files/Unity/Hub/Editor/2021.3.13f1/Editor/Data/Resources/UnitySubsystems
[Subsystems] Discovering subsystems at path C:/School/Stage/Game/PIT-Internship/Internship-Game/Assets
GfxDevice: creating device client; threaded=0; jobified=0
Direct3D:
    Version:  Direct3D 11.0 [level 11.1]
    Renderer: NVIDIA GeForce RTX 3060 Laptop GPU (ID=0x2560)
    Vendor:   NVIDIA
    VRAM:     6023 MB
    Driver:   31.0.15.1700
Shader 'Oculus/OVRMRCameraFrameLit': fallback shader 'Alpha-Diffuse' not found
Initialize mono
Mono path[0] = 'C:/Program Files/Unity/Hub/Editor/2021.3.13f1/Editor/Data/Managed'
Mono path[1] = 'C:/Program Files/Unity/Hub/Editor/2021.3.13f1/Editor/Data/MonoBleedingEdge/lib/mono/unityjit-win32'
Mono config path = 'C:/Program Files/Unity/Hub/Editor/2021.3.13f1/Editor/Data/MonoBleedingEdge/etc'
Using monoOptions --debugger-agent=transport=dt_socket,embedding=1,server=y,suspend=n,address=127.0.0.1:56688
Begin MonoManager ReloadAssembly
Registering precompiled unity dll's ...
Register platform support module: C:/Program Files/Unity/Hub/Editor/2021.3.13f1/Editor/Data/PlaybackEngines/WindowsStandaloneSupport/UnityEditor.WindowsStandalone.Extensions.dll
Registered in 0.004992 seconds.
Native extension for WindowsStandalone target not found
Refreshing native plugins compatible for Editor in 152.78 ms, found 14 plugins.
Preloading 1 native plugins for Editor in 0.13 ms.
Mono: successfully reloaded assembly
- Completed reload, in  0.741 seconds
Domain Reload Profiling:
	ReloadAssembly (742ms)
		BeginReloadAssembly (65ms)
			ExecutionOrderSort (0ms)
			DisableScriptedObjects (0ms)
			BackupInstance (0ms)
			ReleaseScriptingObjects (0ms)
			CreateAndSetChildDomain (1ms)
		EndReloadAssembly (579ms)
			LoadAssemblies (62ms)
			RebuildTransferFunctionScriptingTraits (0ms)
			SetupTypeCache (95ms)
			ReleaseScriptCaches (0ms)
			RebuildScriptCaches (29ms)
			SetupLoadedEditorAssemblies (399ms)
				LogAssemblyErrors (0ms)
				InitializePlatformSupportModulesInManaged (6ms)
				SetLoadedEditorAssemblies (0ms)
				RefreshPlugins (153ms)
				BeforeProcessingInitializeOnLoad (2ms)
				ProcessInitializeOnLoadAttributes (175ms)
				ProcessInitializeOnLoadMethodAttributes (62ms)
				AfterProcessingInitializeOnLoad (0ms)
				EditorAssembliesLoaded (0ms)
			ExecutionOrderSort2 (0ms)
			AwakeInstancesAfterBackupRestoration (0ms)
Platform modules already initialized, skipping
Registering precompiled user dll's ...
Registered in 0.016000 seconds.
Begin MonoManager ReloadAssembly
Symbol file LoadedFromMemory doesn't match image C:\School\Stage\Game\PIT-Internship\Internship-Game\Library\PackageCache\com.unity.visualscripting@1.7.8\Editor\VisualScripting.Core\Dependencies\DotNetZip\Unity.VisualScripting.IonicZip.dll
Symbol file LoadedFromMemory doesn't match image C:\School\Stage\Game\PIT-Internship\Internship-Game\Library\PackageCache\com.unity.visualscripting@1.7.8\Editor\VisualScripting.Core\Dependencies\YamlDotNet\Unity.VisualScripting.YamlDotNet.dll
Native extension for WindowsStandalone target not found
Refreshing native plugins compatible for Editor in 151.18 ms, found 14 plugins.
Preloading 1 native plugins for Editor in 0.09 ms.
Package Manager log level set to [2]
[XR] OculusXRPlugin: registering subsystems
[XR] Unable to register display lifecyle provider: [1]
[XR] Oculus Input lifecycle provider registered.
[XR] Unable to register input lifecyle provider: [1]
[XR] OVRP version 1.79.0
Mono: successfully reloaded assembly
- Completed reload, in  2.025 seconds
Domain Reload Profiling:
	ReloadAssembly (2026ms)
		BeginReloadAssembly (111ms)
			ExecutionOrderSort (0ms)
			DisableScriptedObjects (5ms)
			BackupInstance (0ms)
			ReleaseScriptingObjects (0ms)
			CreateAndSetChildDomain (18ms)
		EndReloadAssembly (1795ms)
			LoadAssemblies (115ms)
			RebuildTransferFunctionScriptingTraits (0ms)
			SetupTypeCache (702ms)
			ReleaseScriptCaches (1ms)
			RebuildScriptCaches (86ms)
			SetupLoadedEditorAssemblies (827ms)
				LogAssemblyErrors (0ms)
				InitializePlatformSupportModulesInManaged (4ms)
				SetLoadedEditorAssemblies (0ms)
				RefreshPlugins (151ms)
				BeforeProcessingInitializeOnLoad (160ms)
				ProcessInitializeOnLoadAttributes (441ms)
				ProcessInitializeOnLoadMethodAttributes (61ms)
				AfterProcessingInitializeOnLoad (10ms)
				EditorAssembliesLoaded (0ms)
			ExecutionOrderSort2 (0ms)
			AwakeInstancesAfterBackupRestoration (7ms)
Platform modules already initialized, skipping
========================================================================
Worker process is ready to serve import requests
Shader 'Oculus/OVRMRCameraFrameLit': fallback shader 'Alpha-Diffuse' not found
Launched and connected shader compiler UnityShaderCompiler.exe after 0.09 seconds
Refreshing native plugins compatible for Editor in 1.66 ms, found 14 plugins.
Preloading 1 native plugins for Editor in 0.09 ms.
Unloading 6133 Unused Serialized files (Serialized files now loaded: 0)
Unloading 83 unused Assets / (195.8 KB). Loaded Objects now: 6548.
Memory consumption went from 224.7 MB to 224.5 MB.
Total: 7.911700 ms (FindLiveObjects: 0.621400 ms CreateObjectMapping: 0.768500 ms MarkObjects: 6.207800 ms  DeleteObjects: 0.312000 ms)

AssetImportParameters requested are different than current active one (requested -> active):
  custom:video-decoder-ogg-theora: a1e56fd34408186e4bbccfd4996cb3dc -> 
  custom:container-muxer-webm: aa71ff27fc2769a1b78a27578f13a17b -> 
  custom:container-demuxer-webm: 4f35f7cbe854078d1ac9338744f61a02 -> 
  custom:video-encoder-webm-vp8: eb34c28f22e8b96e1ab97ce403110664 -> 
  custom:audio-encoder-webm-vorbis: bf7c407c2cedff20999df2af8eb42d56 -> 
  custom:framework-win-MediaFoundation: 216162199b28c13a410421893ffa2e32 -> 
  custom:container-demuxer-ogg: 62fdf1f143b41e24485cea50d1cbac27 -> 
  custom:video-decoder-webm-vp8: 9c59270c3fd7afecdb556c50c9e8de78 -> 
  custom:audio-decoder-ogg-vorbis: bf7c407c2cedff20999df2af8eb42d56 -> 
========================================================================
Received Import Request.
  Time since last request: 1081.486605 seconds.
  path: Assets/_Project/VoiceSDK
  artifactKey: Guid(74a403f290694ca4983c0b849073ad62) Importer(815301076,1909f56bfc062723c751e8b465ee728b)
Start importing Assets/_Project/VoiceSDK using Guid(74a403f290694ca4983c0b849073ad62) Importer(815301076,1909f56bfc062723c751e8b465ee728b)  -> (artifact id: 'fd45d7b75db36bea4a8a2860c1b6933e') in 0.023970 seconds 
========================================================================
Received Import Request.
  Time since last request: 15.721067 seconds.
  path: Assets/Oculus/OculusProjectConfig.asset
  artifactKey: Guid(e14687d047270df4e93e255698654446) Importer(815301076,1909f56bfc062723c751e8b465ee728b)
Start importing Assets/Oculus/OculusProjectConfig.asset using Guid(e14687d047270df4e93e255698654446) Importer(815301076,1909f56bfc062723c751e8b465ee728b)  -> (artifact id: 'f87a724376d2835558dac08de371d485') in 0.040364 seconds 
========================================================================
Received Import Request.
  Time since last request: 3.995656 seconds.
  path: Assets/Oculus/Voice
  artifactKey: Guid(61160a251628c3242a01c846736cf343) Importer(815301076,1909f56bfc062723c751e8b465ee728b)
Start importing Assets/Oculus/Voice using Guid(61160a251628c3242a01c846736cf343) Importer(815301076,1909f56bfc062723c751e8b465ee728b)  -> (artifact id: 'a9f8ce49386b4621e77e2cc57dd1ed77') in 0.011678 seconds 
========================================================================
Received Import Request.
  Time since last request: 0.962333 seconds.
  path: Assets/Oculus/Voice/Demo
  artifactKey: Guid(38d8089fa62e8c44ca4b89cd457e9c9a) Importer(815301076,1909f56bfc062723c751e8b465ee728b)
Start importing Assets/Oculus/Voice/Demo using Guid(38d8089fa62e8c44ca4b89cd457e9c9a) Importer(815301076,1909f56bfc062723c751e8b465ee728b)  -> (artifact id: 'c51934e91f3a66eca71967a17bc1678c') in 0.016590 seconds 
========================================================================
Received Import Request.
  Time since last request: 2.456805 seconds.
  path: Assets/Oculus/Voice/Demo/Scenes
  artifactKey: Guid(9e2c99d589c9fcb4b8254df996a55503) Importer(815301076,1909f56bfc062723c751e8b465ee728b)
Start importing Assets/Oculus/Voice/Demo/Scenes using Guid(9e2c99d589c9fcb4b8254df996a55503) Importer(815301076,1909f56bfc062723c751e8b465ee728b)  -> (artifact id: '234c6e0dc34c5fb8e21c988f972cf3b6') in 0.014872 seconds 
========================================================================
Received Import Request.
  Time since last request: 3.210463 seconds.
  path: Assets/Oculus/Voice/Demo/Scenes/BuiltinDemo.unity
  artifactKey: Guid(8e367e1dd90bb894d88708e7548eae48) Importer(815301076,1909f56bfc062723c751e8b465ee728b)
Start importing Assets/Oculus/Voice/Demo/Scenes/BuiltinDemo.unity using Guid(8e367e1dd90bb894d88708e7548eae48) Importer(815301076,1909f56bfc062723c751e8b465ee728b)  -> (artifact id: '3ee87fc915f048eac0fc7f636dda3fd5') in 0.008913 seconds 
========================================================================
Received Prepare
Registering precompiled user dll's ...
Registered in 0.013313 seconds.
Begin MonoManager ReloadAssembly
Symbol file LoadedFromMemory doesn't match image C:\School\Stage\Game\PIT-Internship\Internship-Game\Library\PackageCache\com.unity.visualscripting@1.7.8\Editor\VisualScripting.Core\Dependencies\DotNetZip\Unity.VisualScripting.IonicZip.dll
Symbol file LoadedFromMemory doesn't match image C:\School\Stage\Game\PIT-Internship\Internship-Game\Library\PackageCache\com.unity.visualscripting@1.7.8\Editor\VisualScripting.Core\Dependencies\YamlDotNet\Unity.VisualScripting.YamlDotNet.dll
Native extension for WindowsStandalone target not found
Refreshing native plugins compatible for Editor in 1.71 ms, found 14 plugins.
Preloading 1 native plugins for Editor in 0.11 ms.
Mono: successfully reloaded assembly
- Completed reload, in  1.533 seconds
Domain Reload Profiling:
	ReloadAssembly (1534ms)
		BeginReloadAssembly (181ms)
			ExecutionOrderSort (0ms)
			DisableScriptedObjects (7ms)
			BackupInstance (0ms)
			ReleaseScriptingObjects (0ms)
			CreateAndSetChildDomain (53ms)
		EndReloadAssembly (1240ms)
			LoadAssemblies (124ms)
			RebuildTransferFunctionScriptingTraits (0ms)
			SetupTypeCache (485ms)
			ReleaseScriptCaches (2ms)
			RebuildScriptCaches (70ms)
			SetupLoadedEditorAssemblies (489ms)
				LogAssemblyErrors (0ms)
				InitializePlatformSupportModulesInManaged (16ms)
				SetLoadedEditorAssemblies (1ms)
				RefreshPlugins (2ms)
				BeforeProcessingInitializeOnLoad (109ms)
				ProcessInitializeOnLoadAttributes (300ms)
				ProcessInitializeOnLoadMethodAttributes (53ms)
				AfterProcessingInitializeOnLoad (8ms)
				EditorAssembliesLoaded (0ms)
			ExecutionOrderSort2 (0ms)
			AwakeInstancesAfterBackupRestoration (7ms)
Platform modules already initialized, skipping
Shader 'Oculus/OVRMRCameraFrameLit': fallback shader 'Alpha-Diffuse' not found
Refreshing native plugins compatible for Editor in 9.21 ms, found 14 plugins.
Preloading 1 native plugins for Editor in 0.07 ms.
Unloading 6015 Unused Serialized files (Serialized files now loaded: 0)
Unloading 73 unused Assets / (170.8 KB). Loaded Objects now: 6553.
Memory consumption went from 214.2 MB to 214.1 MB.
Total: 6.304200 ms (FindLiveObjects: 0.532400 ms CreateObjectMapping: 0.322100 ms MarkObjects: 5.155000 ms  DeleteObjects: 0.293000 ms)

AssetImportParameters requested are different than current active one (requested -> active):
  custom:video-decoder-ogg-theora: a1e56fd34408186e4bbccfd4996cb3dc -> 
  custom:container-muxer-webm: aa71ff27fc2769a1b78a27578f13a17b -> 
  custom:container-demuxer-webm: 4f35f7cbe854078d1ac9338744f61a02 -> 
  custom:video-encoder-webm-vp8: eb34c28f22e8b96e1ab97ce403110664 -> 
  custom:audio-encoder-webm-vorbis: bf7c407c2cedff20999df2af8eb42d56 -> 
  custom:framework-win-MediaFoundation: 216162199b28c13a410421893ffa2e32 -> 
  custom:container-demuxer-ogg: 62fdf1f143b41e24485cea50d1cbac27 -> 
  custom:video-decoder-webm-vp8: 9c59270c3fd7afecdb556c50c9e8de78 -> 
  custom:audio-decoder-ogg-vorbis: bf7c407c2cedff20999df2af8eb42d56 -> 
========================================================================
Received Prepare
Registering precompiled user dll's ...
Registered in 0.012670 seconds.
Begin MonoManager ReloadAssembly
Symbol file LoadedFromMemory doesn't match image C:\School\Stage\Game\PIT-Internship\Internship-Game\Library\PackageCache\com.unity.visualscripting@1.7.8\Editor\VisualScripting.Core\Dependencies\DotNetZip\Unity.VisualScripting.IonicZip.dll
Symbol file LoadedFromMemory doesn't match image C:\School\Stage\Game\PIT-Internship\Internship-Game\Library\PackageCache\com.unity.visualscripting@1.7.8\Editor\VisualScripting.Core\Dependencies\YamlDotNet\Unity.VisualScripting.YamlDotNet.dll
Native extension for WindowsStandalone target not found
Refreshing native plugins compatible for Editor in 1.62 ms, found 14 plugins.
Preloading 1 native plugins for Editor in 0.10 ms.
Mono: successfully reloaded assembly
- Completed reload, in  1.735 seconds
Domain Reload Profiling:
	ReloadAssembly (1737ms)
		BeginReloadAssembly (175ms)
			ExecutionOrderSort (0ms)
			DisableScriptedObjects (5ms)
			BackupInstance (0ms)
			ReleaseScriptingObjects (0ms)
			CreateAndSetChildDomain (55ms)
		EndReloadAssembly (1424ms)
			LoadAssemblies (139ms)
			RebuildTransferFunctionScriptingTraits (0ms)
			SetupTypeCache (408ms)
			ReleaseScriptCaches (3ms)
			RebuildScriptCaches (62ms)
			SetupLoadedEditorAssemblies (737ms)
				LogAssemblyErrors (0ms)
				InitializePlatformSupportModulesInManaged (16ms)
				SetLoadedEditorAssemblies (1ms)
				RefreshPlugins (2ms)
				BeforeProcessingInitializeOnLoad (122ms)
				ProcessInitializeOnLoadAttributes (498ms)
				ProcessInitializeOnLoadMethodAttributes (89ms)
				AfterProcessingInitializeOnLoad (9ms)
				EditorAssembliesLoaded (1ms)
			ExecutionOrderSort2 (0ms)
			AwakeInstancesAfterBackupRestoration (7ms)
Platform modules already initialized, skipping
Shader 'Oculus/OVRMRCameraFrameLit': fallback shader 'Alpha-Diffuse' not found
Refreshing native plugins compatible for Editor in 16.35 ms, found 14 plugins.
Preloading 1 native plugins for Editor in 0.09 ms.
Unloading 6015 Unused Serialized files (Serialized files now loaded: 0)
Unloading 73 unused Assets / (170.8 KB). Loaded Objects now: 6557.
Memory consumption went from 214.3 MB to 214.1 MB.
Total: 9.231100 ms (FindLiveObjects: 1.034100 ms CreateObjectMapping: 0.530200 ms MarkObjects: 7.155800 ms  DeleteObjects: 0.507600 ms)

AssetImportParameters requested are different than current active one (requested -> active):
  custom:video-decoder-ogg-theora: a1e56fd34408186e4bbccfd4996cb3dc -> 
  custom:container-muxer-webm: aa71ff27fc2769a1b78a27578f13a17b -> 
  custom:container-demuxer-webm: 4f35f7cbe854078d1ac9338744f61a02 -> 
  custom:video-encoder-webm-vp8: eb34c28f22e8b96e1ab97ce403110664 -> 
  custom:audio-encoder-webm-vorbis: bf7c407c2cedff20999df2af8eb42d56 -> 
  custom:framework-win-MediaFoundation: 216162199b28c13a410421893ffa2e32 -> 
  custom:container-demuxer-ogg: 62fdf1f143b41e24485cea50d1cbac27 -> 
  custom:video-decoder-webm-vp8: 9c59270c3fd7afecdb556c50c9e8de78 -> 
  custom:audio-decoder-ogg-vorbis: bf7c407c2cedff20999df2af8eb42d56 -> 
========================================================================
Received Prepare
Registering precompiled user dll's ...
Registered in 0.024872 seconds.
Begin MonoManager ReloadAssembly
Symbol file LoadedFromMemory doesn't match image C:\School\Stage\Game\PIT-Internship\Internship-Game\Library\PackageCache\com.unity.visualscripting@1.7.8\Editor\VisualScripting.Core\Dependencies\DotNetZip\Unity.VisualScripting.IonicZip.dll
Symbol file LoadedFromMemory doesn't match image C:\School\Stage\Game\PIT-Internship\Internship-Game\Library\PackageCache\com.unity.visualscripting@1.7.8\Editor\VisualScripting.Core\Dependencies\YamlDotNet\Unity.VisualScripting.YamlDotNet.dll
Native extension for WindowsStandalone target not found
Refreshing native plugins compatible for Editor in 4.57 ms, found 14 plugins.
Preloading 1 native plugins for Editor in 0.23 ms.
Mono: successfully reloaded assembly
- Completed reload, in 21.489 seconds
Domain Reload Profiling:
	ReloadAssembly (21492ms)
		BeginReloadAssembly (577ms)
			ExecutionOrderSort (0ms)
			DisableScriptedObjects (17ms)
			BackupInstance (0ms)
			ReleaseScriptingObjects (0ms)
			CreateAndSetChildDomain (215ms)
		EndReloadAssembly (18086ms)
			LoadAssemblies (510ms)
			RebuildTransferFunctionScriptingTraits (0ms)
			SetupTypeCache (3118ms)
			ReleaseScriptCaches (4ms)
			RebuildScriptCaches (245ms)
			SetupLoadedEditorAssemblies (11889ms)
				LogAssemblyErrors (0ms)
				InitializePlatformSupportModulesInManaged (63ms)
				SetLoadedEditorAssemblies (2ms)
				RefreshPlugins (5ms)
				BeforeProcessingInitializeOnLoad (295ms)
				ProcessInitializeOnLoadAttributes (9602ms)
				ProcessInitializeOnLoadMethodAttributes (1907ms)
				AfterProcessingInitializeOnLoad (14ms)
				EditorAssembliesLoaded (0ms)
			ExecutionOrderSort2 (0ms)
			AwakeInstancesAfterBackupRestoration (15ms)
Platform modules already initialized, skipping
Shader 'Oculus/OVRMRCameraFrameLit': fallback shader 'Alpha-Diffuse' not found
Refreshing native plugins compatible for Editor in 19.57 ms, found 14 plugins.
Preloading 1 native plugins for Editor in 0.19 ms.
Unloading 6015 Unused Serialized files (Serialized files now loaded: 0)
Unloading 73 unused Assets / (170.7 KB). Loaded Objects now: 6561.
Memory consumption went from 214.3 MB to 214.1 MB.
Total: 11.985500 ms (FindLiveObjects: 0.591000 ms CreateObjectMapping: 0.458700 ms MarkObjects: 10.199800 ms  DeleteObjects: 0.733600 ms)

AssetImportParameters requested are different than current active one (requested -> active):
  custom:video-decoder-ogg-theora: a1e56fd34408186e4bbccfd4996cb3dc -> 
  custom:container-muxer-webm: aa71ff27fc2769a1b78a27578f13a17b -> 
  custom:container-demuxer-webm: 4f35f7cbe854078d1ac9338744f61a02 -> 
  custom:video-encoder-webm-vp8: eb34c28f22e8b96e1ab97ce403110664 -> 
  custom:audio-encoder-webm-vorbis: bf7c407c2cedff20999df2af8eb42d56 -> 
  custom:framework-win-MediaFoundation: 216162199b28c13a410421893ffa2e32 -> 
  custom:container-demuxer-ogg: 62fdf1f143b41e24485cea50d1cbac27 -> 
  custom:video-decoder-webm-vp8: 9c59270c3fd7afecdb556c50c9e8de78 -> 
  custom:audio-decoder-ogg-vorbis: bf7c407c2cedff20999df2af8eb42d56 -> 
========================================================================
Received Import Request.
  Time since last request: 2727.969283 seconds.
  path: Assets/Oculus/Voice/Demo/Scenes/LightTraitsDemo.unity
  artifactKey: Guid(2efb9961ae64f6b429101a4253de5b62) Importer(815301076,1909f56bfc062723c751e8b465ee728b)
Start importing Assets/Oculus/Voice/Demo/Scenes/LightTraitsDemo.unity using Guid(2efb9961ae64f6b429101a4253de5b62) Importer(815301076,1909f56bfc062723c751e8b465ee728b)  -> (artifact id: 'ecc17f8588ca4db57fb9b414f113a16a') in 0.017267 seconds 
========================================================================
Received Import Request.
  Time since last request: 1.428700 seconds.
  path: Assets/Oculus/Voice/Demo/Scenes/ShortResponseDemo.unity
  artifactKey: Guid(5c156ca489a120c4fbaa82ad6856d00b) Importer(815301076,1909f56bfc062723c751e8b465ee728b)
Start importing Assets/Oculus/Voice/Demo/Scenes/ShortResponseDemo.unity using Guid(5c156ca489a120c4fbaa82ad6856d00b) Importer(815301076,1909f56bfc062723c751e8b465ee728b)  -> (artifact id: '5c12353530e4958251edcc5a0d156274') in 0.012776 seconds 
========================================================================
Received Import Request.
  Time since last request: 1.009408 seconds.
  path: Assets/Oculus/Voice/Demo/Scenes/UIShapesDemo.unity
  artifactKey: Guid(0b4eecbae5fd7be46896db34734286a0) Importer(815301076,1909f56bfc062723c751e8b465ee728b)
Start importing Assets/Oculus/Voice/Demo/Scenes/UIShapesDemo.unity using Guid(0b4eecbae5fd7be46896db34734286a0) Importer(815301076,1909f56bfc062723c751e8b465ee728b)  -> (artifact id: 'bcb17e3f46a5d8f41c0436b5fde3de91') in 0.010639 seconds 
========================================================================
Received Import Request.
  Time since last request: 3796.794388 seconds.
  path: Assets/Oculus/Voice/Demo/Audio
  artifactKey: Guid(2d2baf202180c254fa9bdc8b9f29e51e) Importer(815301076,1909f56bfc062723c751e8b465ee728b)
Start importing Assets/Oculus/Voice/Demo/Audio using Guid(2d2baf202180c254fa9bdc8b9f29e51e) Importer(815301076,1909f56bfc062723c751e8b465ee728b)  -> (artifact id: 'aa9bb86b4316ad795354d4cd392362c5') in 0.023654 seconds 
========================================================================
Received Import Request.
  Time since last request: 0.000182 seconds.
  path: Assets/Oculus/Voice/Demo/Audio/Rebecca_TimerComplete.wav
  artifactKey: Guid(35471033dbbe17f419f151ad822445e3) Importer(815301076,1909f56bfc062723c751e8b465ee728b)
Start importing Assets/Oculus/Voice/Demo/Audio/Rebecca_TimerComplete.wav using Guid(35471033dbbe17f419f151ad822445e3) Importer(815301076,1909f56bfc062723c751e8b465ee728b)  -> (artifact id: '3332b626e5e8c0d043b9147ddd1ef87c') in 0.582514 seconds 
========================================================================
Received Import Request.
  Time since last request: 2.687611 seconds.
  path: Assets/Oculus/Voice/Demo/Prefabs
  artifactKey: Guid(75eb0b55e037c534b8d0b28dc57b53d3) Importer(815301076,1909f56bfc062723c751e8b465ee728b)
Start importing Assets/Oculus/Voice/Demo/Prefabs using Guid(75eb0b55e037c534b8d0b28dc57b53d3) Importer(815301076,1909f56bfc062723c751e8b465ee728b)  -> (artifact id: '79db0ca9ec8f4f1e1b6530ed4a3e515a') in 0.010705 seconds 
========================================================================
Received Import Request.
  Time since last request: 0.293488 seconds.
  path: Assets/Oculus/Voice/Demo/Prefabs/Environment.prefab
  artifactKey: Guid(0381539164984dc4ca193f001869c526) Importer(815301076,1909f56bfc062723c751e8b465ee728b)
Start importing Assets/Oculus/Voice/Demo/Prefabs/Environment.prefab using Guid(0381539164984dc4ca193f001869c526) Importer(815301076,1909f56bfc062723c751e8b465ee728b)  -> (artifact id: '2abee2517a30771168a5674ed787975e') in 0.023567 seconds 
========================================================================
Received Import Request.
  Time since last request: 2.654777 seconds.
  path: Assets/Oculus/Voice/Demo/Scripts
  artifactKey: Guid(cef010296d8fc744e9abe187269ea0b5) Importer(815301076,1909f56bfc062723c751e8b465ee728b)
Start importing Assets/Oculus/Voice/Demo/Scripts using Guid(cef010296d8fc744e9abe187269ea0b5) Importer(815301076,1909f56bfc062723c751e8b465ee728b)  -> (artifact id: 'c616490b22b4488caa241255fe5e3b8a') in 0.010765 seconds 
========================================================================
Received Import Request.
  Time since last request: 0.117221 seconds.
  path: Assets/Oculus/Voice/Demo/Scripts/Oculus.Voice.Demo.asmdef
  artifactKey: Guid(773ee6cd6da621e4e985e87d23791541) Importer(815301076,1909f56bfc062723c751e8b465ee728b)
Start importing Assets/Oculus/Voice/Demo/Scripts/Oculus.Voice.Demo.asmdef using Guid(773ee6cd6da621e4e985e87d23791541) Importer(815301076,1909f56bfc062723c751e8b465ee728b)  -> (artifact id: 'd5e3afa407daed47d76c9986097a467b') in 0.006924 seconds 
========================================================================
Received Import Request.
  Time since last request: 2.530434 seconds.
  path: Assets/Oculus/Voice/Demo/Scripts/BuiltinDemo
  artifactKey: Guid(820d90595e7544215bde6c6f43664cb1) Importer(815301076,1909f56bfc062723c751e8b465ee728b)
Start importing Assets/Oculus/Voice/Demo/Scripts/BuiltinDemo using Guid(820d90595e7544215bde6c6f43664cb1) Importer(815301076,1909f56bfc062723c751e8b465ee728b)  -> (artifact id: 'cce9ad7f37ddd651e8d62bf17e456037') in 0.010755 seconds 
========================================================================
Received Import Request.
  Time since last request: 1.284114 seconds.
  path: Assets/Oculus/Voice/Demo/Scripts/BuiltinDemo/TimerDisplay.cs
  artifactKey: Guid(dacc4d06eebcecb4a846759a3ac9f6e9) Importer(815301076,1909f56bfc062723c751e8b465ee728b)
Start importing Assets/Oculus/Voice/Demo/Scripts/BuiltinDemo/TimerDisplay.cs using Guid(dacc4d06eebcecb4a846759a3ac9f6e9) Importer(815301076,1909f56bfc062723c751e8b465ee728b)  -> (artifact id: '234eead88d7035358ff8865d967dbd46') in 0.018947 seconds 
========================================================================
Received Import Request.
  Time since last request: 0.599588 seconds.
  path: Assets/Oculus/Voice/Demo/Scripts/BuiltinDemo/TimerController.cs
  artifactKey: Guid(eb4fe076c92383b438b557433015250e) Importer(815301076,1909f56bfc062723c751e8b465ee728b)
Start importing Assets/Oculus/Voice/Demo/Scripts/BuiltinDemo/TimerController.cs using Guid(eb4fe076c92383b438b557433015250e) Importer(815301076,1909f56bfc062723c751e8b465ee728b)  -> (artifact id: '074e3ccf6c2dd8adda00b650daa55a94') in 0.009351 seconds 
========================================================================
Received Import Request.
  Time since last request: 6256.596438 seconds.
  path: Assets/_Project/Scenes/VRTK_Testing.unity
  artifactKey: Guid(8f2e0d39653c28546b2f771d51f42df3) Importer(815301076,1909f56bfc062723c751e8b465ee728b)
Start importing Assets/_Project/Scenes/VRTK_Testing.unity using Guid(8f2e0d39653c28546b2f771d51f42df3) Importer(815301076,1909f56bfc062723c751e8b465ee728b)  -> (artifact id: 'bbdd7aa1dc7da2ac5540368750e8cb91') in 0.026519 seconds 
